TimeQuest Timing Analyzer report for ServoController
Thu Mar 07 09:50:16 2019
Quartus Prime Version 17.1.1 Internal Build 593 12/11/2017 SJ Standard Edition


---------------------
; Table of Contents ;
---------------------
  1. Legal Notice
  2. TimeQuest Timing Analyzer Summary
  3. Parallel Compilation
  4. Clocks
  5. Slow 1100mV 85C Model Fmax Summary
  6. Timing Closure Recommendations
  7. Slow 1100mV 85C Model Setup Summary
  8. Slow 1100mV 85C Model Hold Summary
  9. Slow 1100mV 85C Model Recovery Summary
 10. Slow 1100mV 85C Model Removal Summary
 11. Slow 1100mV 85C Model Minimum Pulse Width Summary
 12. Slow 1100mV 85C Model Metastability Summary
 13. Slow 1100mV 0C Model Fmax Summary
 14. Slow 1100mV 0C Model Setup Summary
 15. Slow 1100mV 0C Model Hold Summary
 16. Slow 1100mV 0C Model Recovery Summary
 17. Slow 1100mV 0C Model Removal Summary
 18. Slow 1100mV 0C Model Minimum Pulse Width Summary
 19. Slow 1100mV 0C Model Metastability Summary
 20. Fast 1100mV 85C Model Setup Summary
 21. Fast 1100mV 85C Model Hold Summary
 22. Fast 1100mV 85C Model Recovery Summary
 23. Fast 1100mV 85C Model Removal Summary
 24. Fast 1100mV 85C Model Minimum Pulse Width Summary
 25. Fast 1100mV 85C Model Metastability Summary
 26. Fast 1100mV 0C Model Setup Summary
 27. Fast 1100mV 0C Model Hold Summary
 28. Fast 1100mV 0C Model Recovery Summary
 29. Fast 1100mV 0C Model Removal Summary
 30. Fast 1100mV 0C Model Minimum Pulse Width Summary
 31. Fast 1100mV 0C Model Metastability Summary
 32. Multicorner Timing Analysis Summary
 33. Board Trace Model Assignments
 34. Input Transition Times
 35. Signal Integrity Metrics (Slow 1100mv 0c Model)
 36. Signal Integrity Metrics (Slow 1100mv 85c Model)
 37. Signal Integrity Metrics (Fast 1100mv 0c Model)
 38. Signal Integrity Metrics (Fast 1100mv 85c Model)
 39. Setup Transfers
 40. Hold Transfers
 41. Report TCCS
 42. Report RSKM
 43. Unconstrained Paths Summary
 44. Clock Status Summary
 45. Unconstrained Input Ports
 46. Unconstrained Output Ports
 47. Unconstrained Input Ports
 48. Unconstrained Output Ports
 49. TimeQuest Timing Analyzer Messages



----------------
; Legal Notice ;
----------------
Copyright (C) 2017  Intel Corporation. All rights reserved.
Your use of Intel Corporation's design tools, logic functions 
and other software and tools, and its AMPP partner logic 
functions, and any output files from any of the foregoing 
(including device programming or simulation files), and any 
associated documentation or information are expressly subject 
to the terms and conditions of the Intel Program License 
Subscription Agreement, the Intel Quartus Prime License Agreement,
the Intel FPGA IP License Agreement, or other applicable license
agreement, including, without limitation, that your use is for
the sole purpose of programming logic devices manufactured by
Intel and sold by Intel or its authorized distributors.  Please
refer to the applicable agreement for further details.



+------------------------------------------------------------------------------------------+
; TimeQuest Timing Analyzer Summary                                                        ;
+-----------------------+------------------------------------------------------------------+
; Quartus Prime Version ; Version 17.1.1 Internal Build 593 12/11/2017 SJ Standard Edition ;
; Timing Analyzer       ; TimeQuest                                                        ;
; Revision Name         ; ServoController                                                  ;
; Device Family         ; Cyclone V                                                        ;
; Device Name           ; 5CSEMA5F31C6                                                     ;
; Timing Models         ; Final                                                            ;
; Delay Model           ; Combined                                                         ;
; Rise/Fall Delays      ; Enabled                                                          ;
+-----------------------+------------------------------------------------------------------+


+------------------------------------------+
; Parallel Compilation                     ;
+----------------------------+-------------+
; Processors                 ; Number      ;
+----------------------------+-------------+
; Number detected on machine ; 4           ;
; Maximum allowed            ; 4           ;
;                            ;             ;
; Average used               ; 1.05        ;
; Maximum used               ; 4           ;
;                            ;             ;
; Usage by Processor         ; % Time Used ;
;     Processor 1            ; 100.0%      ;
;     Processor 2            ;   1.8%      ;
;     Processor 3            ;   1.8%      ;
;     Processor 4            ;   1.7%      ;
+----------------------------+-------------+


+------------------------------------------------------------------------------------------------------------------------------------------------------------------------------------------------------------------------------------------------+
; Clocks                                                                                                                                                                                                                                         ;
+----------------------------------------+------+--------+------------+-------+-------+------------+-----------+-------------+-------+--------+-----------+------------+----------+--------+--------+--------------------------------------------+
; Clock Name                             ; Type ; Period ; Frequency  ; Rise  ; Fall  ; Duty Cycle ; Divide by ; Multiply by ; Phase ; Offset ; Edge List ; Edge Shift ; Inverted ; Master ; Source ; Targets                                    ;
+----------------------------------------+------+--------+------------+-------+-------+------------+-----------+-------------+-------+--------+-----------+------------+----------+--------+--------+--------------------------------------------+
; clock                                  ; Base ; 1.000  ; 1000.0 MHz ; 0.000 ; 0.500 ;            ;           ;             ;       ;        ;           ;            ;          ;        ;        ; { clock }                                  ;
; clockDivider:clockdivider|clockdivided ; Base ; 1.000  ; 1000.0 MHz ; 0.000 ; 0.500 ;            ;           ;             ;       ;        ;           ;            ;          ;        ;        ; { clockDivider:clockdivider|clockdivided } ;
; latch[0]                               ; Base ; 1.000  ; 1000.0 MHz ; 0.000 ; 0.500 ;            ;           ;             ;       ;        ;           ;            ;          ;        ;        ; { latch[0] }                               ;
; latch[1]                               ; Base ; 1.000  ; 1000.0 MHz ; 0.000 ; 0.500 ;            ;           ;             ;       ;        ;           ;            ;          ;        ;        ; { latch[1] }                               ;
; latch[2]                               ; Base ; 1.000  ; 1000.0 MHz ; 0.000 ; 0.500 ;            ;           ;             ;       ;        ;           ;            ;          ;        ;        ; { latch[2] }                               ;
; latch[3]                               ; Base ; 1.000  ; 1000.0 MHz ; 0.000 ; 0.500 ;            ;           ;             ;       ;        ;           ;            ;          ;        ;        ; { latch[3] }                               ;
+----------------------------------------+------+--------+------------+-------+-------+------------+-----------+-------------+-------+--------+-----------+------------+----------+--------+--------+--------------------------------------------+


+------------------------------------------------------------------------------+
; Slow 1100mV 85C Model Fmax Summary                                           ;
+------------+-----------------+----------------------------------------+------+
; Fmax       ; Restricted Fmax ; Clock Name                             ; Note ;
+------------+-----------------+----------------------------------------+------+
; 311.53 MHz ; 311.53 MHz      ; clockDivider:clockdivider|clockdivided ;      ;
; 341.65 MHz ; 341.65 MHz      ; clock                                  ;      ;
+------------+-----------------+----------------------------------------+------+
This panel reports FMAX for every clock in the design, regardless of the user-specified clock periods.  FMAX is only computed for paths where the source and destination registers or ports are driven by the same clock.  Paths of different clocks, including generated clocks, are ignored.  For paths between a clock and its inversion, FMAX is computed as if the rising and falling edges are scaled along with FMAX, such that the duty cycle (in terms of a percentage) is maintained. Altera recommends that you always use clock constraints and other slack reports for sign-off analysis.


----------------------------------
; Timing Closure Recommendations ;
----------------------------------
HTML report is unavailable in plain text report export.


+-----------------------------------------------------------------+
; Slow 1100mV 85C Model Setup Summary                             ;
+----------------------------------------+--------+---------------+
; Clock                                  ; Slack  ; End Point TNS ;
+----------------------------------------+--------+---------------+
; clock                                  ; -4.175 ; -39.271       ;
; clockDivider:clockdivider|clockdivided ; -2.210 ; -53.996       ;
+----------------------------------------+--------+---------------+


+----------------------------------------------------------------+
; Slow 1100mV 85C Model Hold Summary                             ;
+----------------------------------------+-------+---------------+
; Clock                                  ; Slack ; End Point TNS ;
+----------------------------------------+-------+---------------+
; clockDivider:clockdivider|clockdivided ; 0.246 ; 0.000         ;
; clock                                  ; 0.679 ; 0.000         ;
+----------------------------------------+-------+---------------+


------------------------------------------
; Slow 1100mV 85C Model Recovery Summary ;
------------------------------------------
No paths to report.


-----------------------------------------
; Slow 1100mV 85C Model Removal Summary ;
-----------------------------------------
No paths to report.


+-----------------------------------------------------------------+
; Slow 1100mV 85C Model Minimum Pulse Width Summary               ;
+----------------------------------------+--------+---------------+
; Clock                                  ; Slack  ; End Point TNS ;
+----------------------------------------+--------+---------------+
; clock                                  ; -0.501 ; -12.513       ;
; clockDivider:clockdivider|clockdivided ; -0.394 ; -12.985       ;
; latch[2]                               ; -0.394 ; -4.398        ;
; latch[1]                               ; -0.394 ; -4.207        ;
; latch[3]                               ; -0.394 ; -4.161        ;
; latch[0]                               ; -0.394 ; -4.066        ;
+----------------------------------------+--------+---------------+


-----------------------------------------------
; Slow 1100mV 85C Model Metastability Summary ;
-----------------------------------------------
No synchronizer chains to report.


+------------------------------------------------------------------------------+
; Slow 1100mV 0C Model Fmax Summary                                            ;
+------------+-----------------+----------------------------------------+------+
; Fmax       ; Restricted Fmax ; Clock Name                             ; Note ;
+------------+-----------------+----------------------------------------+------+
; 312.89 MHz ; 312.89 MHz      ; clockDivider:clockdivider|clockdivided ;      ;
; 316.36 MHz ; 316.36 MHz      ; clock                                  ;      ;
+------------+-----------------+----------------------------------------+------+
This panel reports FMAX for every clock in the design, regardless of the user-specified clock periods.  FMAX is only computed for paths where the source and destination registers or ports are driven by the same clock.  Paths of different clocks, including generated clocks, are ignored.  For paths between a clock and its inversion, FMAX is computed as if the rising and falling edges are scaled along with FMAX, such that the duty cycle (in terms of a percentage) is maintained. Altera recommends that you always use clock constraints and other slack reports for sign-off analysis.


+-----------------------------------------------------------------+
; Slow 1100mV 0C Model Setup Summary                              ;
+----------------------------------------+--------+---------------+
; Clock                                  ; Slack  ; End Point TNS ;
+----------------------------------------+--------+---------------+
; clock                                  ; -4.016 ; -38.580       ;
; clockDivider:clockdivider|clockdivided ; -2.196 ; -53.656       ;
+----------------------------------------+--------+---------------+


+----------------------------------------------------------------+
; Slow 1100mV 0C Model Hold Summary                              ;
+----------------------------------------+-------+---------------+
; Clock                                  ; Slack ; End Point TNS ;
+----------------------------------------+-------+---------------+
; clockDivider:clockdivider|clockdivided ; 0.192 ; 0.000         ;
; clock                                  ; 0.684 ; 0.000         ;
+----------------------------------------+-------+---------------+


-----------------------------------------
; Slow 1100mV 0C Model Recovery Summary ;
-----------------------------------------
No paths to report.


----------------------------------------
; Slow 1100mV 0C Model Removal Summary ;
----------------------------------------
No paths to report.


+-----------------------------------------------------------------+
; Slow 1100mV 0C Model Minimum Pulse Width Summary                ;
+----------------------------------------+--------+---------------+
; Clock                                  ; Slack  ; End Point TNS ;
+----------------------------------------+--------+---------------+
; clock                                  ; -0.495 ; -13.379       ;
; clockDivider:clockdivider|clockdivided ; -0.394 ; -12.886       ;
; latch[2]                               ; -0.394 ; -4.378        ;
; latch[1]                               ; -0.394 ; -4.181        ;
; latch[3]                               ; -0.394 ; -4.139        ;
; latch[0]                               ; -0.394 ; -4.085        ;
+----------------------------------------+--------+---------------+


----------------------------------------------
; Slow 1100mV 0C Model Metastability Summary ;
----------------------------------------------
No synchronizer chains to report.


+-----------------------------------------------------------------+
; Fast 1100mV 85C Model Setup Summary                             ;
+----------------------------------------+--------+---------------+
; Clock                                  ; Slack  ; End Point TNS ;
+----------------------------------------+--------+---------------+
; clock                                  ; -3.310 ; -19.251       ;
; clockDivider:clockdivider|clockdivided ; -0.992 ; -22.727       ;
+----------------------------------------+--------+---------------+


+-----------------------------------------------------------------+
; Fast 1100mV 85C Model Hold Summary                              ;
+----------------------------------------+--------+---------------+
; Clock                                  ; Slack  ; End Point TNS ;
+----------------------------------------+--------+---------------+
; clockDivider:clockdivider|clockdivided ; -0.109 ; -0.251        ;
; clock                                  ; 0.302  ; 0.000         ;
+----------------------------------------+--------+---------------+


------------------------------------------
; Fast 1100mV 85C Model Recovery Summary ;
------------------------------------------
No paths to report.


-----------------------------------------
; Fast 1100mV 85C Model Removal Summary ;
-----------------------------------------
No paths to report.


+-----------------------------------------------------------------+
; Fast 1100mV 85C Model Minimum Pulse Width Summary               ;
+----------------------------------------+--------+---------------+
; Clock                                  ; Slack  ; End Point TNS ;
+----------------------------------------+--------+---------------+
; clock                                  ; -0.497 ; -4.188        ;
; latch[2]                               ; 0.029  ; 0.000         ;
; latch[1]                               ; 0.107  ; 0.000         ;
; latch[3]                               ; 0.118  ; 0.000         ;
; clockDivider:clockdivider|clockdivided ; 0.152  ; 0.000         ;
; latch[0]                               ; 0.159  ; 0.000         ;
+----------------------------------------+--------+---------------+


-----------------------------------------------
; Fast 1100mV 85C Model Metastability Summary ;
-----------------------------------------------
No synchronizer chains to report.


+-----------------------------------------------------------------+
; Fast 1100mV 0C Model Setup Summary                              ;
+----------------------------------------+--------+---------------+
; Clock                                  ; Slack  ; End Point TNS ;
+----------------------------------------+--------+---------------+
; clock                                  ; -2.776 ; -15.806       ;
; clockDivider:clockdivider|clockdivided ; -0.848 ; -20.212       ;
+----------------------------------------+--------+---------------+


+-----------------------------------------------------------------+
; Fast 1100mV 0C Model Hold Summary                               ;
+----------------------------------------+--------+---------------+
; Clock                                  ; Slack  ; End Point TNS ;
+----------------------------------------+--------+---------------+
; clockDivider:clockdivider|clockdivided ; -0.133 ; -0.331        ;
; clock                                  ; 0.296  ; 0.000         ;
+----------------------------------------+--------+---------------+


-----------------------------------------
; Fast 1100mV 0C Model Recovery Summary ;
-----------------------------------------
No paths to report.


----------------------------------------
; Fast 1100mV 0C Model Removal Summary ;
----------------------------------------
No paths to report.


+-----------------------------------------------------------------+
; Fast 1100mV 0C Model Minimum Pulse Width Summary                ;
+----------------------------------------+--------+---------------+
; Clock                                  ; Slack  ; End Point TNS ;
+----------------------------------------+--------+---------------+
; clock                                  ; -0.470 ; -4.106        ;
; latch[2]                               ; 0.056  ; 0.000         ;
; latch[1]                               ; 0.117  ; 0.000         ;
; latch[3]                               ; 0.128  ; 0.000         ;
; clockDivider:clockdivider|clockdivided ; 0.153  ; 0.000         ;
; latch[0]                               ; 0.161  ; 0.000         ;
+----------------------------------------+--------+---------------+


----------------------------------------------
; Fast 1100mV 0C Model Metastability Summary ;
----------------------------------------------
No synchronizer chains to report.


+-------------------------------------------------------------------------------------------------------+
; Multicorner Timing Analysis Summary                                                                   ;
+-----------------------------------------+---------+--------+----------+---------+---------------------+
; Clock                                   ; Setup   ; Hold   ; Recovery ; Removal ; Minimum Pulse Width ;
+-----------------------------------------+---------+--------+----------+---------+---------------------+
; Worst-case Slack                        ; -4.175  ; -0.133 ; N/A      ; N/A     ; -0.501              ;
;  clock                                  ; -4.175  ; 0.296  ; N/A      ; N/A     ; -0.501              ;
;  clockDivider:clockdivider|clockdivided ; -2.210  ; -0.133 ; N/A      ; N/A     ; -0.394              ;
;  latch[0]                               ; N/A     ; N/A    ; N/A      ; N/A     ; -0.394              ;
;  latch[1]                               ; N/A     ; N/A    ; N/A      ; N/A     ; -0.394              ;
;  latch[2]                               ; N/A     ; N/A    ; N/A      ; N/A     ; -0.394              ;
;  latch[3]                               ; N/A     ; N/A    ; N/A      ; N/A     ; -0.394              ;
; Design-wide TNS                         ; -93.267 ; -0.331 ; 0.0      ; 0.0     ; -43.048             ;
;  clock                                  ; -39.271 ; 0.000  ; N/A      ; N/A     ; -13.379             ;
;  clockDivider:clockdivider|clockdivided ; -53.996 ; -0.331 ; N/A      ; N/A     ; -12.985             ;
;  latch[0]                               ; N/A     ; N/A    ; N/A      ; N/A     ; -4.085              ;
;  latch[1]                               ; N/A     ; N/A    ; N/A      ; N/A     ; -4.207              ;
;  latch[2]                               ; N/A     ; N/A    ; N/A      ; N/A     ; -4.398              ;
;  latch[3]                               ; N/A     ; N/A    ; N/A      ; N/A     ; -4.161              ;
+-----------------------------------------+---------+--------+----------+---------+---------------------+


+--------------------------------------------------------------------------------------------------------------------------------------------------------------------------------------------------------------------------------------------------------------------------------------------------------------------------------------------------------------------------------------------------------------+
; Board Trace Model Assignments                                                                                                                                                                                                                                                                                                                                                                                ;
+-----------+--------------+-------------------+-------------------------+-------------------------+---------------+---------------------+----------------+------------------+--------+------------------+------------------------+------------------------+--------------+---------------+-----------------+-------+---------------------+--------------------+---------------+-----------------+-------------+
; Pin       ; I/O Standard ; Near Tline Length ; Near Tline L per Length ; Near Tline C per Length ; Near Series R ; Near Differential R ; Near Pull-up R ; Near Pull-down R ; Near C ; Far Tline Length ; Far Tline L per Length ; Far Tline C per Length ; Far Series R ; Far Pull-up R ; Far Pull-down R ; Far C ; Termination Voltage ; Far Differential R ; EBD File Name ; EBD Signal Name ; EBD Far-end ;
+-----------+--------------+-------------------+-------------------------+-------------------------+---------------+---------------------+----------------+------------------+--------+------------------+------------------------+------------------------+--------------+---------------+-----------------+-------+---------------------+--------------------+---------------+-----------------+-------------+
; PWMOut[0] ; 2.5 V        ; 0 in              ; 0 H/in                  ; 0 F/in                  ; short         ; -                   ; open           ; open             ; open   ; 0 in             ; 0 H/in                 ; 0 F/in                 ; short        ; open          ; open            ; open  ; 0 V                 ; -                  ; n/a           ; n/a             ; n/a         ;
; PWMOut[1] ; 2.5 V        ; 0 in              ; 0 H/in                  ; 0 F/in                  ; short         ; -                   ; open           ; open             ; open   ; 0 in             ; 0 H/in                 ; 0 F/in                 ; short        ; open          ; open            ; open  ; 0 V                 ; -                  ; n/a           ; n/a             ; n/a         ;
; PWMOut[2] ; 2.5 V        ; 0 in              ; 0 H/in                  ; 0 F/in                  ; short         ; -                   ; open           ; open             ; open   ; 0 in             ; 0 H/in                 ; 0 F/in                 ; short        ; open          ; open            ; open  ; 0 V                 ; -                  ; n/a           ; n/a             ; n/a         ;
; PWMOut[3] ; 2.5 V        ; 0 in              ; 0 H/in                  ; 0 F/in                  ; short         ; -                   ; open           ; open             ; open   ; 0 in             ; 0 H/in                 ; 0 F/in                 ; short        ; open          ; open            ; open  ; 0 V                 ; -                  ; n/a           ; n/a             ; n/a         ;
+-----------+--------------+-------------------+-------------------------+-------------------------+---------------+---------------------+----------------+------------------+--------+------------------+------------------------+------------------------+--------------+---------------+-----------------+-------+---------------------+--------------------+---------------+-----------------+-------------+


+---------------------------------------------------------------------+
; Input Transition Times                                              ;
+------------------+--------------+-----------------+-----------------+
; Pin              ; I/O Standard ; 10-90 Rise Time ; 90-10 Fall Time ;
+------------------+--------------+-----------------+-----------------+
; duty[6]          ; 2.5 V        ; 2000 ps         ; 2000 ps         ;
; duty[7]          ; 2.5 V        ; 2000 ps         ; 2000 ps         ;
; duty[3]          ; 2.5 V        ; 2000 ps         ; 2000 ps         ;
; duty[2]          ; 2.5 V        ; 2000 ps         ; 2000 ps         ;
; duty[1]          ; 2.5 V        ; 2000 ps         ; 2000 ps         ;
; duty[0]          ; 2.5 V        ; 2000 ps         ; 2000 ps         ;
; duty[5]          ; 2.5 V        ; 2000 ps         ; 2000 ps         ;
; duty[4]          ; 2.5 V        ; 2000 ps         ; 2000 ps         ;
; clock            ; 2.5 V        ; 2000 ps         ; 2000 ps         ;
; latchbtn         ; 2.5 V        ; 2000 ps         ; 2000 ps         ;
; channelselect[0] ; 2.5 V        ; 2000 ps         ; 2000 ps         ;
; channelselect[1] ; 2.5 V        ; 2000 ps         ; 2000 ps         ;
+------------------+--------------+-----------------+-----------------+


+----------------------------------------------------------------------------------------------------------------------------------------------------------------------------------------------------------------------------------------------------------------------------------------------------------------------------------------------------------------------------------------------------------------------------------------------------------------------------------------------------------------------------------------------------------------------------------------------------------------------------------------------------------------------------------------+
; Signal Integrity Metrics (Slow 1100mv 0c Model)                                                                                                                                                                                                                                                                                                                                                                                                                                                                                                                                                                                                                                        ;
+-----------+--------------+---------------------+---------------------+------------------------------+------------------------------+---------------------+---------------------+--------------------------------------+--------------------------------------+-----------------------------+-----------------------------+----------------------------+----------------------------+-----------------------------+-----------------------------+--------------------+--------------------+-------------------------------------+-------------------------------------+----------------------------+----------------------------+---------------------------+---------------------------+
; Pin       ; I/O Standard ; Board Delay on Rise ; Board Delay on Fall ; Steady State Voh at FPGA Pin ; Steady State Vol at FPGA Pin ; Voh Max at FPGA Pin ; Vol Min at FPGA Pin ; Ringback Voltage on Rise at FPGA Pin ; Ringback Voltage on Fall at FPGA Pin ; 10-90 Rise Time at FPGA Pin ; 90-10 Fall Time at FPGA Pin ; Monotonic Rise at FPGA Pin ; Monotonic Fall at FPGA Pin ; Steady State Voh at Far-end ; Steady State Vol at Far-end ; Voh Max at Far-end ; Vol Min at Far-end ; Ringback Voltage on Rise at Far-end ; Ringback Voltage on Fall at Far-end ; 10-90 Rise Time at Far-end ; 90-10 Fall Time at Far-end ; Monotonic Rise at Far-end ; Monotonic Fall at Far-end ;
+-----------+--------------+---------------------+---------------------+------------------------------+------------------------------+---------------------+---------------------+--------------------------------------+--------------------------------------+-----------------------------+-----------------------------+----------------------------+----------------------------+-----------------------------+-----------------------------+--------------------+--------------------+-------------------------------------+-------------------------------------+----------------------------+----------------------------+---------------------------+---------------------------+
; PWMOut[0] ; 2.5 V        ; 0 s                 ; 0 s                 ; 2.32 V                       ; 3.6e-07 V                    ; 2.41 V              ; -0.0463 V           ; 0.201 V                              ; 0.131 V                              ; 4.61e-10 s                  ; 4.53e-10 s                  ; No                         ; Yes                        ; 2.32 V                      ; 3.6e-07 V                   ; 2.41 V             ; -0.0463 V          ; 0.201 V                             ; 0.131 V                             ; 4.61e-10 s                 ; 4.53e-10 s                 ; No                        ; Yes                       ;
; PWMOut[1] ; 2.5 V        ; 0 s                 ; 0 s                 ; 2.32 V                       ; 3.6e-07 V                    ; 2.41 V              ; -0.0463 V           ; 0.201 V                              ; 0.131 V                              ; 4.61e-10 s                  ; 4.53e-10 s                  ; No                         ; Yes                        ; 2.32 V                      ; 3.6e-07 V                   ; 2.41 V             ; -0.0463 V          ; 0.201 V                             ; 0.131 V                             ; 4.61e-10 s                 ; 4.53e-10 s                 ; No                        ; Yes                       ;
; PWMOut[2] ; 2.5 V        ; 0 s                 ; 0 s                 ; 2.32 V                       ; 3.6e-07 V                    ; 2.41 V              ; -0.0463 V           ; 0.201 V                              ; 0.131 V                              ; 4.61e-10 s                  ; 4.53e-10 s                  ; No                         ; Yes                        ; 2.32 V                      ; 3.6e-07 V                   ; 2.41 V             ; -0.0463 V          ; 0.201 V                             ; 0.131 V                             ; 4.61e-10 s                 ; 4.53e-10 s                 ; No                        ; Yes                       ;
; PWMOut[3] ; 2.5 V        ; 0 s                 ; 0 s                 ; 2.32 V                       ; 3.07e-07 V                   ; 2.36 V              ; -0.0231 V           ; 0.14 V                               ; 0.089 V                              ; 4.52e-10 s                  ; 4.35e-10 s                  ; No                         ; Yes                        ; 2.32 V                      ; 3.07e-07 V                  ; 2.36 V             ; -0.0231 V          ; 0.14 V                              ; 0.089 V                             ; 4.52e-10 s                 ; 4.35e-10 s                 ; No                        ; Yes                       ;
+-----------+--------------+---------------------+---------------------+------------------------------+------------------------------+---------------------+---------------------+--------------------------------------+--------------------------------------+-----------------------------+-----------------------------+----------------------------+----------------------------+-----------------------------+-----------------------------+--------------------+--------------------+-------------------------------------+-------------------------------------+----------------------------+----------------------------+---------------------------+---------------------------+


+----------------------------------------------------------------------------------------------------------------------------------------------------------------------------------------------------------------------------------------------------------------------------------------------------------------------------------------------------------------------------------------------------------------------------------------------------------------------------------------------------------------------------------------------------------------------------------------------------------------------------------------------------------------------------------------+
; Signal Integrity Metrics (Slow 1100mv 85c Model)                                                                                                                                                                                                                                                                                                                                                                                                                                                                                                                                                                                                                                       ;
+-----------+--------------+---------------------+---------------------+------------------------------+------------------------------+---------------------+---------------------+--------------------------------------+--------------------------------------+-----------------------------+-----------------------------+----------------------------+----------------------------+-----------------------------+-----------------------------+--------------------+--------------------+-------------------------------------+-------------------------------------+----------------------------+----------------------------+---------------------------+---------------------------+
; Pin       ; I/O Standard ; Board Delay on Rise ; Board Delay on Fall ; Steady State Voh at FPGA Pin ; Steady State Vol at FPGA Pin ; Voh Max at FPGA Pin ; Vol Min at FPGA Pin ; Ringback Voltage on Rise at FPGA Pin ; Ringback Voltage on Fall at FPGA Pin ; 10-90 Rise Time at FPGA Pin ; 90-10 Fall Time at FPGA Pin ; Monotonic Rise at FPGA Pin ; Monotonic Fall at FPGA Pin ; Steady State Voh at Far-end ; Steady State Vol at Far-end ; Voh Max at Far-end ; Vol Min at Far-end ; Ringback Voltage on Rise at Far-end ; Ringback Voltage on Fall at Far-end ; 10-90 Rise Time at Far-end ; 90-10 Fall Time at Far-end ; Monotonic Rise at Far-end ; Monotonic Fall at Far-end ;
+-----------+--------------+---------------------+---------------------+------------------------------+------------------------------+---------------------+---------------------+--------------------------------------+--------------------------------------+-----------------------------+-----------------------------+----------------------------+----------------------------+-----------------------------+-----------------------------+--------------------+--------------------+-------------------------------------+-------------------------------------+----------------------------+----------------------------+---------------------------+---------------------------+
; PWMOut[0] ; 2.5 V        ; 0 s                 ; 0 s                 ; 2.32 V                       ; 3.96e-05 V                   ; 2.38 V              ; -0.0306 V           ; 0.23 V                               ; 0.206 V                              ; 4.83e-10 s                  ; 5.01e-10 s                  ; No                         ; Yes                        ; 2.32 V                      ; 3.96e-05 V                  ; 2.38 V             ; -0.0306 V          ; 0.23 V                              ; 0.206 V                             ; 4.83e-10 s                 ; 5.01e-10 s                 ; No                        ; Yes                       ;
; PWMOut[1] ; 2.5 V        ; 0 s                 ; 0 s                 ; 2.32 V                       ; 3.96e-05 V                   ; 2.38 V              ; -0.0306 V           ; 0.23 V                               ; 0.206 V                              ; 4.83e-10 s                  ; 5.01e-10 s                  ; No                         ; Yes                        ; 2.32 V                      ; 3.96e-05 V                  ; 2.38 V             ; -0.0306 V          ; 0.23 V                              ; 0.206 V                             ; 4.83e-10 s                 ; 5.01e-10 s                 ; No                        ; Yes                       ;
; PWMOut[2] ; 2.5 V        ; 0 s                 ; 0 s                 ; 2.32 V                       ; 3.96e-05 V                   ; 2.38 V              ; -0.0306 V           ; 0.23 V                               ; 0.206 V                              ; 4.83e-10 s                  ; 5.01e-10 s                  ; No                         ; Yes                        ; 2.32 V                      ; 3.96e-05 V                  ; 2.38 V             ; -0.0306 V          ; 0.23 V                              ; 0.206 V                             ; 4.83e-10 s                 ; 5.01e-10 s                 ; No                        ; Yes                       ;
; PWMOut[3] ; 2.5 V        ; 0 s                 ; 0 s                 ; 2.32 V                       ; 3.49e-05 V                   ; 2.34 V              ; -0.0118 V           ; 0.182 V                              ; 0.051 V                              ; 4.81e-10 s                  ; 4.83e-10 s                  ; Yes                        ; Yes                        ; 2.32 V                      ; 3.49e-05 V                  ; 2.34 V             ; -0.0118 V          ; 0.182 V                             ; 0.051 V                             ; 4.81e-10 s                 ; 4.83e-10 s                 ; Yes                       ; Yes                       ;
+-----------+--------------+---------------------+---------------------+------------------------------+------------------------------+---------------------+---------------------+--------------------------------------+--------------------------------------+-----------------------------+-----------------------------+----------------------------+----------------------------+-----------------------------+-----------------------------+--------------------+--------------------+-------------------------------------+-------------------------------------+----------------------------+----------------------------+---------------------------+---------------------------+


+----------------------------------------------------------------------------------------------------------------------------------------------------------------------------------------------------------------------------------------------------------------------------------------------------------------------------------------------------------------------------------------------------------------------------------------------------------------------------------------------------------------------------------------------------------------------------------------------------------------------------------------------------------------------------------------+
; Signal Integrity Metrics (Fast 1100mv 0c Model)                                                                                                                                                                                                                                                                                                                                                                                                                                                                                                                                                                                                                                        ;
+-----------+--------------+---------------------+---------------------+------------------------------+------------------------------+---------------------+---------------------+--------------------------------------+--------------------------------------+-----------------------------+-----------------------------+----------------------------+----------------------------+-----------------------------+-----------------------------+--------------------+--------------------+-------------------------------------+-------------------------------------+----------------------------+----------------------------+---------------------------+---------------------------+
; Pin       ; I/O Standard ; Board Delay on Rise ; Board Delay on Fall ; Steady State Voh at FPGA Pin ; Steady State Vol at FPGA Pin ; Voh Max at FPGA Pin ; Vol Min at FPGA Pin ; Ringback Voltage on Rise at FPGA Pin ; Ringback Voltage on Fall at FPGA Pin ; 10-90 Rise Time at FPGA Pin ; 90-10 Fall Time at FPGA Pin ; Monotonic Rise at FPGA Pin ; Monotonic Fall at FPGA Pin ; Steady State Voh at Far-end ; Steady State Vol at Far-end ; Voh Max at Far-end ; Vol Min at Far-end ; Ringback Voltage on Rise at Far-end ; Ringback Voltage on Fall at Far-end ; 10-90 Rise Time at Far-end ; 90-10 Fall Time at Far-end ; Monotonic Rise at Far-end ; Monotonic Fall at Far-end ;
+-----------+--------------+---------------------+---------------------+------------------------------+------------------------------+---------------------+---------------------+--------------------------------------+--------------------------------------+-----------------------------+-----------------------------+----------------------------+----------------------------+-----------------------------+-----------------------------+--------------------+--------------------+-------------------------------------+-------------------------------------+----------------------------+----------------------------+---------------------------+---------------------------+
; PWMOut[0] ; 2.5 V        ; 0 s                 ; 0 s                 ; 2.75 V                       ; 4.25e-06 V                   ; 2.9 V               ; -0.107 V            ; 0.378 V                              ; 0.16 V                               ; 2.87e-10 s                  ; 4.28e-10 s                  ; No                         ; No                         ; 2.75 V                      ; 4.25e-06 V                  ; 2.9 V              ; -0.107 V           ; 0.378 V                             ; 0.16 V                              ; 2.87e-10 s                 ; 4.28e-10 s                 ; No                        ; No                        ;
; PWMOut[1] ; 2.5 V        ; 0 s                 ; 0 s                 ; 2.75 V                       ; 4.25e-06 V                   ; 2.9 V               ; -0.107 V            ; 0.378 V                              ; 0.16 V                               ; 2.87e-10 s                  ; 4.28e-10 s                  ; No                         ; No                         ; 2.75 V                      ; 4.25e-06 V                  ; 2.9 V              ; -0.107 V           ; 0.378 V                             ; 0.16 V                              ; 2.87e-10 s                 ; 4.28e-10 s                 ; No                        ; No                        ;
; PWMOut[2] ; 2.5 V        ; 0 s                 ; 0 s                 ; 2.75 V                       ; 4.25e-06 V                   ; 2.9 V               ; -0.107 V            ; 0.378 V                              ; 0.16 V                               ; 2.87e-10 s                  ; 4.28e-10 s                  ; No                         ; No                         ; 2.75 V                      ; 4.25e-06 V                  ; 2.9 V              ; -0.107 V           ; 0.378 V                             ; 0.16 V                              ; 2.87e-10 s                 ; 4.28e-10 s                 ; No                        ; No                        ;
; PWMOut[3] ; 2.5 V        ; 0 s                 ; 0 s                 ; 2.75 V                       ; 3.54e-06 V                   ; 2.81 V              ; -0.0578 V           ; 0.303 V                              ; 0.28 V                               ; 2.93e-10 s                  ; 3.01e-10 s                  ; No                         ; No                         ; 2.75 V                      ; 3.54e-06 V                  ; 2.81 V             ; -0.0578 V          ; 0.303 V                             ; 0.28 V                              ; 2.93e-10 s                 ; 3.01e-10 s                 ; No                        ; No                        ;
+-----------+--------------+---------------------+---------------------+------------------------------+------------------------------+---------------------+---------------------+--------------------------------------+--------------------------------------+-----------------------------+-----------------------------+----------------------------+----------------------------+-----------------------------+-----------------------------+--------------------+--------------------+-------------------------------------+-------------------------------------+----------------------------+----------------------------+---------------------------+---------------------------+


+----------------------------------------------------------------------------------------------------------------------------------------------------------------------------------------------------------------------------------------------------------------------------------------------------------------------------------------------------------------------------------------------------------------------------------------------------------------------------------------------------------------------------------------------------------------------------------------------------------------------------------------------------------------------------------------+
; Signal Integrity Metrics (Fast 1100mv 85c Model)                                                                                                                                                                                                                                                                                                                                                                                                                                                                                                                                                                                                                                       ;
+-----------+--------------+---------------------+---------------------+------------------------------+------------------------------+---------------------+---------------------+--------------------------------------+--------------------------------------+-----------------------------+-----------------------------+----------------------------+----------------------------+-----------------------------+-----------------------------+--------------------+--------------------+-------------------------------------+-------------------------------------+----------------------------+----------------------------+---------------------------+---------------------------+
; Pin       ; I/O Standard ; Board Delay on Rise ; Board Delay on Fall ; Steady State Voh at FPGA Pin ; Steady State Vol at FPGA Pin ; Voh Max at FPGA Pin ; Vol Min at FPGA Pin ; Ringback Voltage on Rise at FPGA Pin ; Ringback Voltage on Fall at FPGA Pin ; 10-90 Rise Time at FPGA Pin ; 90-10 Fall Time at FPGA Pin ; Monotonic Rise at FPGA Pin ; Monotonic Fall at FPGA Pin ; Steady State Voh at Far-end ; Steady State Vol at Far-end ; Voh Max at Far-end ; Vol Min at Far-end ; Ringback Voltage on Rise at Far-end ; Ringback Voltage on Fall at Far-end ; 10-90 Rise Time at Far-end ; 90-10 Fall Time at Far-end ; Monotonic Rise at Far-end ; Monotonic Fall at Far-end ;
+-----------+--------------+---------------------+---------------------+------------------------------+------------------------------+---------------------+---------------------+--------------------------------------+--------------------------------------+-----------------------------+-----------------------------+----------------------------+----------------------------+-----------------------------+-----------------------------+--------------------+--------------------+-------------------------------------+-------------------------------------+----------------------------+----------------------------+---------------------------+---------------------------+
; PWMOut[0] ; 2.5 V        ; 0 s                 ; 0 s                 ; 2.75 V                       ; 0.000247 V                   ; 2.85 V              ; -0.0711 V           ; 0.204 V                              ; 0.181 V                              ; 4.55e-10 s                  ; 4.49e-10 s                  ; No                         ; No                         ; 2.75 V                      ; 0.000247 V                  ; 2.85 V             ; -0.0711 V          ; 0.204 V                             ; 0.181 V                             ; 4.55e-10 s                 ; 4.49e-10 s                 ; No                        ; No                        ;
; PWMOut[1] ; 2.5 V        ; 0 s                 ; 0 s                 ; 2.75 V                       ; 0.000247 V                   ; 2.85 V              ; -0.0711 V           ; 0.204 V                              ; 0.181 V                              ; 4.55e-10 s                  ; 4.49e-10 s                  ; No                         ; No                         ; 2.75 V                      ; 0.000247 V                  ; 2.85 V             ; -0.0711 V          ; 0.204 V                             ; 0.181 V                             ; 4.55e-10 s                 ; 4.49e-10 s                 ; No                        ; No                        ;
; PWMOut[2] ; 2.5 V        ; 0 s                 ; 0 s                 ; 2.75 V                       ; 0.000247 V                   ; 2.85 V              ; -0.0711 V           ; 0.204 V                              ; 0.181 V                              ; 4.55e-10 s                  ; 4.49e-10 s                  ; No                         ; No                         ; 2.75 V                      ; 0.000247 V                  ; 2.85 V             ; -0.0711 V          ; 0.204 V                             ; 0.181 V                             ; 4.55e-10 s                 ; 4.49e-10 s                 ; No                        ; No                        ;
; PWMOut[3] ; 2.5 V        ; 0 s                 ; 0 s                 ; 2.75 V                       ; 0.000213 V                   ; 2.79 V              ; -0.0324 V           ; 0.139 V                              ; 0.119 V                              ; 4.42e-10 s                  ; 4.33e-10 s                  ; No                         ; Yes                        ; 2.75 V                      ; 0.000213 V                  ; 2.79 V             ; -0.0324 V          ; 0.139 V                             ; 0.119 V                             ; 4.42e-10 s                 ; 4.33e-10 s                 ; No                        ; Yes                       ;
+-----------+--------------+---------------------+---------------------+------------------------------+------------------------------+---------------------+---------------------+--------------------------------------+--------------------------------------+-----------------------------+-----------------------------+----------------------------+----------------------------+-----------------------------+-----------------------------+--------------------+--------------------+-------------------------------------+-------------------------------------+----------------------------+----------------------------+---------------------------+---------------------------+


+-----------------------------------------------------------------------------------------------------------------------------+
; Setup Transfers                                                                                                             ;
+----------------------------------------+----------------------------------------+----------+----------+----------+----------+
; From Clock                             ; To Clock                               ; RR Paths ; FR Paths ; RF Paths ; FF Paths ;
+----------------------------------------+----------------------------------------+----------+----------+----------+----------+
; clock                                  ; clock                                  ; 256      ; 0        ; 0        ; 0        ;
; latch[0]                               ; clock                                  ; 1        ; 1        ; 0        ; 0        ;
; latch[1]                               ; clock                                  ; 1        ; 1        ; 0        ; 0        ;
; latch[2]                               ; clock                                  ; 1        ; 1        ; 0        ; 0        ;
; latch[3]                               ; clock                                  ; 1        ; 1        ; 0        ; 0        ;
; clockDivider:clockdivider|clockdivided ; clockDivider:clockdivider|clockdivided ; 450      ; 0        ; 0        ; 0        ;
; latch[0]                               ; clockDivider:clockdivider|clockdivided ; 16       ; 0        ; 0        ; 0        ;
; latch[1]                               ; clockDivider:clockdivider|clockdivided ; 16       ; 0        ; 0        ; 0        ;
; latch[2]                               ; clockDivider:clockdivider|clockdivided ; 16       ; 0        ; 0        ; 0        ;
; latch[3]                               ; clockDivider:clockdivider|clockdivided ; 16       ; 0        ; 0        ; 0        ;
+----------------------------------------+----------------------------------------+----------+----------+----------+----------+
Entries labeled "false path" only account for clock-to-clock false paths and not path-based false paths. As a result, actual path counts may be lower than reported.


+-----------------------------------------------------------------------------------------------------------------------------+
; Hold Transfers                                                                                                              ;
+----------------------------------------+----------------------------------------+----------+----------+----------+----------+
; From Clock                             ; To Clock                               ; RR Paths ; FR Paths ; RF Paths ; FF Paths ;
+----------------------------------------+----------------------------------------+----------+----------+----------+----------+
; clock                                  ; clock                                  ; 256      ; 0        ; 0        ; 0        ;
; latch[0]                               ; clock                                  ; 1        ; 1        ; 0        ; 0        ;
; latch[1]                               ; clock                                  ; 1        ; 1        ; 0        ; 0        ;
; latch[2]                               ; clock                                  ; 1        ; 1        ; 0        ; 0        ;
; latch[3]                               ; clock                                  ; 1        ; 1        ; 0        ; 0        ;
; clockDivider:clockdivider|clockdivided ; clockDivider:clockdivider|clockdivided ; 450      ; 0        ; 0        ; 0        ;
; latch[0]                               ; clockDivider:clockdivider|clockdivided ; 16       ; 0        ; 0        ; 0        ;
; latch[1]                               ; clockDivider:clockdivider|clockdivided ; 16       ; 0        ; 0        ; 0        ;
; latch[2]                               ; clockDivider:clockdivider|clockdivided ; 16       ; 0        ; 0        ; 0        ;
; latch[3]                               ; clockDivider:clockdivider|clockdivided ; 16       ; 0        ; 0        ; 0        ;
+----------------------------------------+----------------------------------------+----------+----------+----------+----------+
Entries labeled "false path" only account for clock-to-clock false paths and not path-based false paths. As a result, actual path counts may be lower than reported.


---------------
; Report TCCS ;
---------------
No dedicated SERDES Transmitter circuitry present in device or used in design


---------------
; Report RSKM ;
---------------
No non-DPA dedicated SERDES Receiver circuitry present in device or used in design


+------------------------------------------------+
; Unconstrained Paths Summary                    ;
+---------------------------------+-------+------+
; Property                        ; Setup ; Hold ;
+---------------------------------+-------+------+
; Illegal Clocks                  ; 0     ; 0    ;
; Unconstrained Clocks            ; 0     ; 0    ;
; Unconstrained Input Ports       ; 11    ; 11   ;
; Unconstrained Input Port Paths  ; 44    ; 44   ;
; Unconstrained Output Ports      ; 4     ; 4    ;
; Unconstrained Output Port Paths ; 4     ; 4    ;
+---------------------------------+-------+------+


+------------------------------------------------------------------------------------------------------+
; Clock Status Summary                                                                                 ;
+----------------------------------------+----------------------------------------+------+-------------+
; Target                                 ; Clock                                  ; Type ; Status      ;
+----------------------------------------+----------------------------------------+------+-------------+
; clock                                  ; clock                                  ; Base ; Constrained ;
; clockDivider:clockdivider|clockdivided ; clockDivider:clockdivider|clockdivided ; Base ; Constrained ;
; latch[0]                               ; latch[0]                               ; Base ; Constrained ;
; latch[1]                               ; latch[1]                               ; Base ; Constrained ;
; latch[2]                               ; latch[2]                               ; Base ; Constrained ;
; latch[3]                               ; latch[3]                               ; Base ; Constrained ;
+----------------------------------------+----------------------------------------+------+-------------+


+---------------------------------------------------------------------------------------------------------+
; Unconstrained Input Ports                                                                               ;
+------------------+--------------------------------------------------------------------------------------+
; Input Port       ; Comment                                                                              ;
+------------------+--------------------------------------------------------------------------------------+
; channelselect[0] ; No input delay, min/max delays, false-path exceptions, or max skew assignments found ;
; channelselect[1] ; No input delay, min/max delays, false-path exceptions, or max skew assignments found ;
; duty[0]          ; No input delay, min/max delays, false-path exceptions, or max skew assignments found ;
; duty[1]          ; No input delay, min/max delays, false-path exceptions, or max skew assignments found ;
; duty[2]          ; No input delay, min/max delays, false-path exceptions, or max skew assignments found ;
; duty[3]          ; No input delay, min/max delays, false-path exceptions, or max skew assignments found ;
; duty[4]          ; No input delay, min/max delays, false-path exceptions, or max skew assignments found ;
; duty[5]          ; No input delay, min/max delays, false-path exceptions, or max skew assignments found ;
; duty[6]          ; No input delay, min/max delays, false-path exceptions, or max skew assignments found ;
; duty[7]          ; No input delay, min/max delays, false-path exceptions, or max skew assignments found ;
; latchbtn         ; No input delay, min/max delays, false-path exceptions, or max skew assignments found ;
+------------------+--------------------------------------------------------------------------------------+


+-----------------------------------------------------------------------------------------------------+
; Unconstrained Output Ports                                                                          ;
+-------------+---------------------------------------------------------------------------------------+
; Output Port ; Comment                                                                               ;
+-------------+---------------------------------------------------------------------------------------+
; PWMOut[0]   ; No output delay, min/max delays, false-path exceptions, or max skew assignments found ;
; PWMOut[1]   ; No output delay, min/max delays, false-path exceptions, or max skew assignments found ;
; PWMOut[2]   ; No output delay, min/max delays, false-path exceptions, or max skew assignments found ;
; PWMOut[3]   ; No output delay, min/max delays, false-path exceptions, or max skew assignments found ;
+-------------+---------------------------------------------------------------------------------------+


+---------------------------------------------------------------------------------------------------------+
; Unconstrained Input Ports                                                                               ;
+------------------+--------------------------------------------------------------------------------------+
; Input Port       ; Comment                                                                              ;
+------------------+--------------------------------------------------------------------------------------+
; channelselect[0] ; No input delay, min/max delays, false-path exceptions, or max skew assignments found ;
; channelselect[1] ; No input delay, min/max delays, false-path exceptions, or max skew assignments found ;
; duty[0]          ; No input delay, min/max delays, false-path exceptions, or max skew assignments found ;
; duty[1]          ; No input delay, min/max delays, false-path exceptions, or max skew assignments found ;
; duty[2]          ; No input delay, min/max delays, false-path exceptions, or max skew assignments found ;
; duty[3]          ; No input delay, min/max delays, false-path exceptions, or max skew assignments found ;
; duty[4]          ; No input delay, min/max delays, false-path exceptions, or max skew assignments found ;
; duty[5]          ; No input delay, min/max delays, false-path exceptions, or max skew assignments found ;
; duty[6]          ; No input delay, min/max delays, false-path exceptions, or max skew assignments found ;
; duty[7]          ; No input delay, min/max delays, false-path exceptions, or max skew assignments found ;
; latchbtn         ; No input delay, min/max delays, false-path exceptions, or max skew assignments found ;
+------------------+--------------------------------------------------------------------------------------+


+-----------------------------------------------------------------------------------------------------+
; Unconstrained Output Ports                                                                          ;
+-------------+---------------------------------------------------------------------------------------+
; Output Port ; Comment                                                                               ;
+-------------+---------------------------------------------------------------------------------------+
; PWMOut[0]   ; No output delay, min/max delays, false-path exceptions, or max skew assignments found ;
; PWMOut[1]   ; No output delay, min/max delays, false-path exceptions, or max skew assignments found ;
; PWMOut[2]   ; No output delay, min/max delays, false-path exceptions, or max skew assignments found ;
; PWMOut[3]   ; No output delay, min/max delays, false-path exceptions, or max skew assignments found ;
+-------------+---------------------------------------------------------------------------------------+


+------------------------------------+
; TimeQuest Timing Analyzer Messages ;
+------------------------------------+
Info: *******************************************************************
Info: Running Quartus Prime TimeQuest Timing Analyzer
    Info: Version 17.1.1 Internal Build 593 12/11/2017 SJ Standard Edition
    Info: Processing started: Thu Mar 07 09:50:06 2019
Info: Command: quartus_sta ServoController -c ServoController
Info: qsta_default_script.tcl version: #3
Warning (18236): Number of processors has not been specified which may cause overloading on shared machines.  Set the global assignment NUM_PARALLEL_PROCESSORS in your QSF to an appropriate value for best performance.
Info (20030): Parallel compilation is enabled and will use 4 of the 4 processors detected
Info (21077): Low junction temperature is 0 degrees C
Info (21077): High junction temperature is 85 degrees C
Critical Warning (332012): Synopsys Design Constraints File file not found: 'ServoController.sdc'. A Synopsys Design Constraints File is required by the TimeQuest Timing Analyzer to get proper timing constraints. Without it, the Compiler will not properly optimize the design.
Info (332142): No user constrained base clocks found in the design. Calling "derive_clocks -period 1.0"
Info (332105): Deriving Clocks
    Info (332105): create_clock -period 1.000 -name clockDivider:clockdivider|clockdivided clockDivider:clockdivider|clockdivided
    Info (332105): create_clock -period 1.000 -name clock clock
    Info (332105): create_clock -period 1.000 -name latch[0] latch[0]
    Info (332105): create_clock -period 1.000 -name latch[1] latch[1]
    Info (332105): create_clock -period 1.000 -name latch[2] latch[2]
    Info (332105): create_clock -period 1.000 -name latch[3] latch[3]
Info (332143): No user constrained clock uncertainty found in the design. Calling "derive_clock_uncertainty"
Info (332123): Deriving Clock Uncertainty. Please refer to report_sdc in TimeQuest to see clock uncertainties.
Info: Found TIMEQUEST_REPORT_SCRIPT_INCLUDE_DEFAULT_ANALYSIS = ON
Info: Analyzing Slow 1100mV 85C Model
Critical Warning (332148): Timing requirements not met
    Info (11105): For recommendations on closing timing, run Report Timing Closure Recommendations in the TimeQuest Timing Analyzer.
Info (332146): Worst-case setup slack is -4.175
    Info (332119):     Slack       End Point TNS Clock 
    Info (332119): ========= =================== =====================
    Info (332119):    -4.175             -39.271 clock 
    Info (332119):    -2.210             -53.996 clockDivider:clockdivider|clockdivided 
Info (332146): Worst-case hold slack is 0.246
    Info (332119):     Slack       End Point TNS Clock 
    Info (332119): ========= =================== =====================
    Info (332119):     0.246               0.000 clockDivider:clockdivider|clockdivided 
    Info (332119):     0.679               0.000 clock 
Info (332140): No Recovery paths to report
Info (332140): No Removal paths to report
Info (332146): Worst-case minimum pulse width slack is -0.501
    Info (332119):     Slack       End Point TNS Clock 
    Info (332119): ========= =================== =====================
    Info (332119):    -0.501             -12.513 clock 
    Info (332119):    -0.394             -12.985 clockDivider:clockdivider|clockdivided 
    Info (332119):    -0.394              -4.398 latch[2] 
    Info (332119):    -0.394              -4.207 latch[1] 
    Info (332119):    -0.394              -4.161 latch[3] 
    Info (332119):    -0.394              -4.066 latch[0] 
Info: Analyzing Slow 1100mV 0C Model
Info (334003): Started post-fitting delay annotation
Info (334004): Delay annotation completed successfully
Info (332123): Deriving Clock Uncertainty. Please refer to report_sdc in TimeQuest to see clock uncertainties.
Critical Warning (332148): Timing requirements not met
    Info (11105): For recommendations on closing timing, run Report Timing Closure Recommendations in the TimeQuest Timing Analyzer.
Info (332146): Worst-case setup slack is -4.016
    Info (332119):     Slack       End Point TNS Clock 
    Info (332119): ========= =================== =====================
    Info (332119):    -4.016             -38.580 clock 
    Info (332119):    -2.196             -53.656 clockDivider:clockdivider|clockdivided 
Info (332146): Worst-case hold slack is 0.192
    Info (332119):     Slack       End Point TNS Clock 
    Info (332119): ========= =================== =====================
    Info (332119):     0.192               0.000 clockDivider:clockdivider|clockdivided 
    Info (332119):     0.684               0.000 clock 
Info (332140): No Recovery paths to report
Info (332140): No Removal paths to report
Info (332146): Worst-case minimum pulse width slack is -0.495
    Info (332119):     Slack       End Point TNS Clock 
    Info (332119): ========= =================== =====================
    Info (332119):    -0.495             -13.379 clock 
    Info (332119):    -0.394             -12.886 clockDivider:clockdivider|clockdivided 
    Info (332119):    -0.394              -4.378 latch[2] 
    Info (332119):    -0.394              -4.181 latch[1] 
    Info (332119):    -0.394              -4.139 latch[3] 
    Info (332119):    -0.394              -4.085 latch[0] 
Info: Analyzing Fast 1100mV 85C Model
Info (334003): Started post-fitting delay annotation
Info (334004): Delay annotation completed successfully
Info (332123): Deriving Clock Uncertainty. Please refer to report_sdc in TimeQuest to see clock uncertainties.
Critical Warning (332148): Timing requirements not met
    Info (11105): For recommendations on closing timing, run Report Timing Closure Recommendations in the TimeQuest Timing Analyzer.
Info (332146): Worst-case setup slack is -3.310
    Info (332119):     Slack       End Point TNS Clock 
    Info (332119): ========= =================== =====================
    Info (332119):    -3.310             -19.251 clock 
    Info (332119):    -0.992             -22.727 clockDivider:clockdivider|clockdivided 
Info (332146): Worst-case hold slack is -0.109
    Info (332119):     Slack       End Point TNS Clock 
    Info (332119): ========= =================== =====================
    Info (332119):    -0.109              -0.251 clockDivider:clockdivider|clockdivided 
    Info (332119):     0.302               0.000 clock 
Info (332140): No Recovery paths to report
Info (332140): No Removal paths to report
Info (332146): Worst-case minimum pulse width slack is -0.497
    Info (332119):     Slack       End Point TNS Clock 
    Info (332119): ========= =================== =====================
    Info (332119):    -0.497              -4.188 clock 
    Info (332119):     0.029               0.000 latch[2] 
    Info (332119):     0.107               0.000 latch[1] 
    Info (332119):     0.118               0.000 latch[3] 
    Info (332119):     0.152               0.000 clockDivider:clockdivider|clockdivided 
    Info (332119):     0.159               0.000 latch[0] 
Info: Analyzing Fast 1100mV 0C Model
Info (332123): Deriving Clock Uncertainty. Please refer to report_sdc in TimeQuest to see clock uncertainties.
Critical Warning (332148): Timing requirements not met
    Info (11105): For recommendations on closing timing, run Report Timing Closure Recommendations in the TimeQuest Timing Analyzer.
Info (332146): Worst-case setup slack is -2.776
    Info (332119):     Slack       End Point TNS Clock 
    Info (332119): ========= =================== =====================
    Info (332119):    -2.776             -15.806 clock 
    Info (332119):    -0.848             -20.212 clockDivider:clockdivider|clockdivided 
Info (332146): Worst-case hold slack is -0.133
    Info (332119):     Slack       End Point TNS Clock 
    Info (332119): ========= =================== =====================
    Info (332119):    -0.133              -0.331 clockDivider:clockdivider|clockdivided 
    Info (332119):     0.296               0.000 clock 
Info (332140): No Recovery paths to report
Info (332140): No Removal paths to report
Info (332146): Worst-case minimum pulse width slack is -0.470
    Info (332119):     Slack       End Point TNS Clock 
    Info (332119): ========= =================== =====================
    Info (332119):    -0.470              -4.106 clock 
    Info (332119):     0.056               0.000 latch[2] 
    Info (332119):     0.117               0.000 latch[1] 
    Info (332119):     0.128               0.000 latch[3] 
    Info (332119):     0.153               0.000 clockDivider:clockdivider|clockdivided 
    Info (332119):     0.161               0.000 latch[0] 
Info (332102): Design is not fully constrained for setup requirements
Info (332102): Design is not fully constrained for hold requirements
Info: Quartus Prime TimeQuest Timing Analyzer was successful. 0 errors, 6 warnings
    Info: Peak virtual memory: 990 megabytes
    Info: Processing ended: Thu Mar 07 09:50:16 2019
    Info: Elapsed time: 00:00:10
    Info: Total CPU time (on all processors): 00:00:07


