Flow report for ServoController
Wed Mar 06 13:49:42 2019
Quartus Prime Version 17.1.1 Internal Build 593 12/11/2017 SJ Standard Edition


---------------------
; Table of Contents ;
---------------------
  1. Legal Notice
  2. Flow Summary
  3. Flow Settings
  4. Flow Non-Default Global Settings
  5. Flow Elapsed Time
  6. Flow OS Summary
  7. Flow Log
  8. Flow Messages
  9. Flow Suppressed Messages



----------------
; Legal Notice ;
----------------
Copyright (C) 2017  Intel Corporation. All rights reserved.
Your use of Intel Corporation's design tools, logic functions 
and other software and tools, and its AMPP partner logic 
functions, and any output files from any of the foregoing 
(including device programming or simulation files), and any 
associated documentation or information are expressly subject 
to the terms and conditions of the Intel Program License 
Subscription Agreement, the Intel Quartus Prime License Agreement,
the Intel FPGA IP License Agreement, or other applicable license
agreement, including, without limitation, that your use is for
the sole purpose of programming logic devices manufactured by
Intel and sold by Intel or its authorized distributors.  Please
refer to the applicable agreement for further details.



+--------------------------------------------------------------------------------------------+
; Flow Summary                                                                               ;
+---------------------------------+----------------------------------------------------------+
; Flow Status                     ; Successful - Wed Mar 06 13:49:42 2019                    ;
; Quartus Prime Version           ; 17.1.1 Internal Build 593 12/11/2017 SJ Standard Edition ;
; Revision Name                   ; ServoController                                          ;
; Top-level Entity Name           ; ServoController                                          ;
; Family                          ; Cyclone V                                                ;
; Device                          ; 5CSEMA5F31C6                                             ;
; Timing Models                   ; Final                                                    ;
; Logic utilization (in ALMs)     ; N/A                                                      ;
; Total registers                 ; 59                                                       ;
; Total pins                      ; 17                                                       ;
; Total virtual pins              ; 0                                                        ;
; Total block memory bits         ; 0                                                        ;
; Total DSP Blocks                ; 0                                                        ;
; Total HSSI RX PCSs              ; 0                                                        ;
; Total HSSI PMA RX Deserializers ; 0                                                        ;
; Total HSSI TX PCSs              ; 0                                                        ;
; Total HSSI PMA TX Serializers   ; 0                                                        ;
; Total PLLs                      ; 0                                                        ;
; Total DLLs                      ; 0                                                        ;
+---------------------------------+----------------------------------------------------------+


+-----------------------------------------+
; Flow Settings                           ;
+-------------------+---------------------+
; Option            ; Setting             ;
+-------------------+---------------------+
; Start date & time ; 03/06/2019 13:49:31 ;
; Main task         ; Compilation         ;
; Revision Name     ; ServoController     ;
+-------------------+---------------------+


+-----------------------------------------------------------------------------------------------------------------------------------------------+
; Flow Non-Default Global Settings                                                                                                              ;
+----------------------------------------+----------------------------------------------------+---------------+-------------+-------------------+
; Assignment Name                        ; Value                                              ; Default Value ; Entity Name ; Section Id        ;
+----------------------------------------+----------------------------------------------------+---------------+-------------+-------------------+
; COMPILER_SIGNATURE_ID                  ; 70465358178549.155188017108320                     ; --            ; --          ; --                ;
; EDA_DESIGN_INSTANCE_NAME               ; NA                                                 ; --            ; --          ; ServoControllerTB ;
; EDA_NATIVELINK_SIMULATION_SETUP_SCRIPT ; simulation/load_sim.tcl                            ; --            ; --          ; eda_simulation    ;
; EDA_NATIVELINK_SIMULATION_TEST_BENCH   ; ServoControllerTB                                  ; --            ; --          ; eda_simulation    ;
; EDA_NETLIST_WRITER_OUTPUT_DIR          ; M:/MASTERS/FPGA/FPGA_WS/ServoController/simulation ; --            ; --          ; eda_simulation    ;
; EDA_OUTPUT_DATA_FORMAT                 ; Verilog Hdl                                        ; --            ; --          ; eda_simulation    ;
; EDA_SIMULATION_TOOL                    ; ModelSim-Altera (Verilog)                          ; <None>        ; --          ; --                ;
; EDA_TEST_BENCH_ENABLE_STATUS           ; TEST_BENCH_MODE                                    ; --            ; --          ; eda_simulation    ;
; EDA_TEST_BENCH_FILE                    ; ServoControllerTB.v                                ; --            ; --          ; ServoControllerTB ;
; EDA_TEST_BENCH_MODULE_NAME             ; ServoController_tb                                 ; --            ; --          ; ServoControllerTB ;
; EDA_TEST_BENCH_NAME                    ; ServoControllerTB                                  ; --            ; --          ; eda_simulation    ;
; EDA_TIME_SCALE                         ; 1 ns                                               ; --            ; --          ; eda_simulation    ;
; MAX_CORE_JUNCTION_TEMP                 ; 85                                                 ; --            ; --          ; --                ;
; MIN_CORE_JUNCTION_TEMP                 ; 0                                                  ; --            ; --          ; --                ;
; PARTITION_COLOR                        ; -- (Not supported for targeted family)             ; --            ; --          ; Top               ;
; PARTITION_FITTER_PRESERVATION_LEVEL    ; -- (Not supported for targeted family)             ; --            ; --          ; Top               ;
; PARTITION_NETLIST_TYPE                 ; -- (Not supported for targeted family)             ; --            ; --          ; Top               ;
; POWER_BOARD_THERMAL_MODEL              ; None (CONSERVATIVE)                                ; --            ; --          ; --                ;
; POWER_PRESET_COOLING_SOLUTION          ; 23 MM HEAT SINK WITH 200 LFPM AIRFLOW              ; --            ; --          ; --                ;
; PROJECT_OUTPUT_DIRECTORY               ; output_files                                       ; --            ; --          ; --                ;
+----------------------------------------+----------------------------------------------------+---------------+-------------+-------------------+


+--------------------------------------------------------------------------------------------------------------------------+
; Flow Elapsed Time                                                                                                        ;
+----------------------+--------------+-------------------------+---------------------+------------------------------------+
; Module Name          ; Elapsed Time ; Average Processors Used ; Peak Virtual Memory ; Total CPU Time (on all processors) ;
+----------------------+--------------+-------------------------+---------------------+------------------------------------+
; Analysis & Synthesis ; 00:00:12     ; 1.0                     ; 692 MB              ; 00:00:21                           ;
; Total                ; 00:00:12     ; --                      ; --                  ; 00:00:21                           ;
+----------------------+--------------+-------------------------+---------------------+------------------------------------+


+-----------------------------------------------------------------------------------+
; Flow OS Summary                                                                   ;
+----------------------+------------------+-----------+------------+----------------+
; Module Name          ; Machine Hostname ; OS Name   ; OS Version ; Processor type ;
+----------------------+------------------+-----------+------------+----------------+
; Analysis & Synthesis ; EENTPC68         ; Windows 7 ; 6.1        ; x86_64         ;
+----------------------+------------------+-----------+------------+----------------+


------------
; Flow Log ;
------------
quartus_map --read_settings_files=on --write_settings_files=off ServoController -c ServoController



